2024-01-26 17:08:34.647  INFO 38692 --- [restartedMain] i.g.a.m.MsavaliadorcreditoApplication    : Starting MsavaliadorcreditoApplication using Java 17.0.9 on DESKTOP-OLC732A with PID 38692 (C:\Apps\projetos\curso micro services\msavaliadorcredito\target\classes started by Junin in C:\Apps\projetos\curso micro services\msavaliadorcredito)
2024-01-26 17:08:34.649  INFO 38692 --- [restartedMain] i.g.a.m.MsavaliadorcreditoApplication    : No active profile set, falling back to 1 default profile: "default"
2024-01-26 17:08:34.676  INFO 38692 --- [restartedMain] .e.DevToolsPropertyDefaultsPostProcessor : Devtools property defaults active! Set 'spring.devtools.add-properties' to 'false' to disable
2024-01-26 17:08:34.677  INFO 38692 --- [restartedMain] .e.DevToolsPropertyDefaultsPostProcessor : For additional web related logging consider setting the 'logging.level.web' property to 'DEBUG'
2024-01-26 17:08:35.303  INFO 38692 --- [restartedMain] o.s.cloud.context.scope.GenericScope     : BeanFactory id=cda5faef-7610-383f-afd0-7dc0d3b81a35
2024-01-26 17:08:35.574  INFO 38692 --- [restartedMain] o.s.b.w.embedded.tomcat.TomcatWebServer  : Tomcat initialized with port(s): 0 (http)
2024-01-26 17:08:35.580  INFO 38692 --- [restartedMain] o.apache.catalina.core.StandardService   : Starting service [Tomcat]
2024-01-26 17:08:35.581  INFO 38692 --- [restartedMain] org.apache.catalina.core.StandardEngine  : Starting Servlet engine: [Apache Tomcat/9.0.63]
2024-01-26 17:08:35.630  INFO 38692 --- [restartedMain] o.a.c.c.C.[Tomcat].[localhost].[/]       : Initializing Spring embedded WebApplicationContext
2024-01-26 17:08:35.630  INFO 38692 --- [restartedMain] w.s.c.ServletWebServerApplicationContext : Root WebApplicationContext: initialization completed in 953 ms
2024-01-26 17:08:35.809  WARN 38692 --- [restartedMain] o.s.b.d.a.OptionalLiveReloadServer       : Unable to start LiveReload server
2024-01-26 17:08:35.841  INFO 38692 --- [restartedMain] o.s.c.openfeign.FeignClientFactoryBean   : For 'msclientes' URL not provided. Will try picking an instance via load-balancing.
2024-01-26 17:08:35.880  INFO 38692 --- [restartedMain] o.s.c.openfeign.FeignClientFactoryBean   : For 'mscartoes' URL not provided. Will try picking an instance via load-balancing.
2024-01-26 17:08:36.513  INFO 38692 --- [restartedMain] DiscoveryClientOptionalArgsConfiguration : Eureka HTTP Client uses RestTemplate.
2024-01-26 17:08:36.538  WARN 38692 --- [restartedMain] iguration$LoadBalancerCaffeineWarnLogger : Spring Cloud LoadBalancer is currently working with the default cache. While this cache implementation is useful for development and tests, it's recommended to use Caffeine cache in production.You can switch to using Caffeine cache, by adding it and org.springframework.cache.caffeine.CaffeineCacheManager to the classpath.
2024-01-26 17:08:36.542  INFO 38692 --- [restartedMain] o.s.b.a.e.web.EndpointLinksResolver      : Exposing 17 endpoint(s) beneath base path '/actuator'
2024-01-26 17:08:36.609  INFO 38692 --- [restartedMain] o.s.b.w.embedded.tomcat.TomcatWebServer  : Tomcat started on port(s): 59515 (http) with context path ''
2024-01-26 17:08:36.609  INFO 38692 --- [restartedMain] .s.c.n.e.s.EurekaAutoServiceRegistration : Updating port to 59515
2024-01-26 17:08:36.612  INFO 38692 --- [restartedMain] o.s.c.n.eureka.InstanceInfoFactory       : Setting initial instance status as: STARTING
2024-01-26 17:08:36.628  INFO 38692 --- [restartedMain] com.netflix.discovery.DiscoveryClient    : Initializing Eureka in region us-east-1
2024-01-26 17:08:36.631  INFO 38692 --- [restartedMain] c.n.d.s.r.aws.ConfigClusterResolver      : Resolving eureka endpoints via configuration
2024-01-26 17:08:36.641  INFO 38692 --- [restartedMain] com.netflix.discovery.DiscoveryClient    : Disable delta property : false
2024-01-26 17:08:36.641  INFO 38692 --- [restartedMain] com.netflix.discovery.DiscoveryClient    : Single vip registry refresh property : null
2024-01-26 17:08:36.641  INFO 38692 --- [restartedMain] com.netflix.discovery.DiscoveryClient    : Force full registry fetch : false
2024-01-26 17:08:36.641  INFO 38692 --- [restartedMain] com.netflix.discovery.DiscoveryClient    : Application is null : false
2024-01-26 17:08:36.642  INFO 38692 --- [restartedMain] com.netflix.discovery.DiscoveryClient    : Registered Applications size is zero : true
2024-01-26 17:08:36.642  INFO 38692 --- [restartedMain] com.netflix.discovery.DiscoveryClient    : Application version is -1: true
2024-01-26 17:08:36.642  INFO 38692 --- [restartedMain] com.netflix.discovery.DiscoveryClient    : Getting all instance registry info from the eureka server
2024-01-26 17:08:36.835  INFO 38692 --- [restartedMain] com.netflix.discovery.DiscoveryClient    : The response status is 200
2024-01-26 17:08:36.837  INFO 38692 --- [restartedMain] com.netflix.discovery.DiscoveryClient    : Starting heartbeat executor: renew interval is: 30
2024-01-26 17:08:36.838  INFO 38692 --- [restartedMain] c.n.discovery.InstanceInfoReplicator     : InstanceInfoReplicator onDemand update allowed rate per min is 4
2024-01-26 17:08:36.840  INFO 38692 --- [restartedMain] com.netflix.discovery.DiscoveryClient    : Discovery Client initialized at timestamp 1706299716840 with initial instances count: 2
2024-01-26 17:08:36.841  INFO 38692 --- [restartedMain] o.s.c.n.e.s.EurekaServiceRegistry        : Registering application MSAVALIADORCREDITO with eureka with status UP
2024-01-26 17:08:36.841  INFO 38692 --- [restartedMain] com.netflix.discovery.DiscoveryClient    : Saw local status change event StatusChangeEvent [timestamp=1706299716841, current=UP, previous=STARTING]
2024-01-26 17:08:36.842  INFO 38692 --- [DiscoveryClient-InstanceInfoReplicator-0] com.netflix.discovery.DiscoveryClient    : DiscoveryClient_MSAVALIADORCREDITO/msavaliadorcredito:073484accb01d4be1c892aef21689c2d: registering service...
2024-01-26 17:08:36.871  INFO 38692 --- [restartedMain] i.g.a.m.MsavaliadorcreditoApplication    : Started MsavaliadorcreditoApplication in 2.484 seconds (JVM running for 2.844)
2024-01-26 17:08:36.919  INFO 38692 --- [DiscoveryClient-InstanceInfoReplicator-0] com.netflix.discovery.DiscoveryClient    : DiscoveryClient_MSAVALIADORCREDITO/msavaliadorcredito:073484accb01d4be1c892aef21689c2d - registration status: 204
2024-01-26 17:08:37.315  INFO 38692 --- [RMI TCP Connection(2)-192.168.0.147] o.s.a.r.c.CachingConnectionFactory       : Attempting to connect to: [localhost:5672]
2024-01-26 17:08:37.316  INFO 38692 --- [RMI TCP Connection(3)-192.168.0.147] o.a.c.c.C.[Tomcat].[localhost].[/]       : Initializing Spring DispatcherServlet 'dispatcherServlet'
2024-01-26 17:08:37.316  INFO 38692 --- [RMI TCP Connection(3)-192.168.0.147] o.s.web.servlet.DispatcherServlet        : Initializing Servlet 'dispatcherServlet'
2024-01-26 17:08:37.318  INFO 38692 --- [RMI TCP Connection(3)-192.168.0.147] o.s.web.servlet.DispatcherServlet        : Completed initialization in 1 ms
2024-01-26 17:08:37.361  INFO 38692 --- [RMI TCP Connection(2)-192.168.0.147] o.s.a.r.c.CachingConnectionFactory       : Created new connection: rabbitConnectionFactory#2abddcc9:0/SimpleConnection@b03297c [delegate=amqp://guest@127.0.0.1:5672/, localPort= 59520]
2024-01-26 17:12:29.957  INFO 38692 --- [SpringApplicationShutdownHook] o.s.c.n.e.s.EurekaServiceRegistry        : Unregistering application MSAVALIADORCREDITO with eureka with status DOWN
2024-01-26 17:12:29.958  INFO 38692 --- [SpringApplicationShutdownHook] com.netflix.discovery.DiscoveryClient    : Saw local status change event StatusChangeEvent [timestamp=1706299949958, current=DOWN, previous=UP]
2024-01-26 17:12:29.959  INFO 38692 --- [DiscoveryClient-InstanceInfoReplicator-0] com.netflix.discovery.DiscoveryClient    : DiscoveryClient_MSAVALIADORCREDITO/msavaliadorcredito:073484accb01d4be1c892aef21689c2d: registering service...
2024-01-26 17:12:29.979  INFO 38692 --- [DiscoveryClient-InstanceInfoReplicator-0] com.netflix.discovery.DiscoveryClient    : DiscoveryClient_MSAVALIADORCREDITO/msavaliadorcredito:073484accb01d4be1c892aef21689c2d - registration status: 204
2024-01-26 17:12:29.990  INFO 38692 --- [SpringApplicationShutdownHook] com.netflix.discovery.DiscoveryClient    : Shutting down DiscoveryClient ...
2024-01-26 17:12:32.999  INFO 38692 --- [SpringApplicationShutdownHook] com.netflix.discovery.DiscoveryClient    : Unregistering ...
2024-01-26 17:12:33.018  INFO 38692 --- [SpringApplicationShutdownHook] com.netflix.discovery.DiscoveryClient    : DiscoveryClient_MSAVALIADORCREDITO/msavaliadorcredito:073484accb01d4be1c892aef21689c2d - deregister  status: 200
2024-01-26 17:12:33.022  INFO 38692 --- [SpringApplicationShutdownHook] com.netflix.discovery.DiscoveryClient    : Completed shut down of DiscoveryClient
2024-01-26 18:34:38.559  INFO 49168 --- [main] g.a.m.MsavaliadorcreditoApplicationTests : Starting MsavaliadorcreditoApplicationTests using Java 17.0.9 on DESKTOP-OLC732A with PID 49168 (started by Junin in C:\Apps\projetos\curso micro services\projeto-cursoms\msavaliadorcredito)
2024-01-26 18:34:38.560  INFO 49168 --- [main] g.a.m.MsavaliadorcreditoApplicationTests : No active profile set, falling back to 1 default profile: "default"
2024-01-26 18:34:39.318  INFO 49168 --- [main] o.s.cloud.context.scope.GenericScope     : BeanFactory id=c55f7102-31f5-34d9-8237-992398cbd9d0
2024-01-26 18:34:39.805  INFO 49168 --- [main] o.s.c.openfeign.FeignClientFactoryBean   : For 'msclientes' URL not provided. Will try picking an instance via load-balancing.
2024-01-26 18:34:39.869  INFO 49168 --- [main] o.s.c.openfeign.FeignClientFactoryBean   : For 'mscartoes' URL not provided. Will try picking an instance via load-balancing.
2024-01-26 18:34:41.450  INFO 49168 --- [main] DiscoveryClientOptionalArgsConfiguration : Eureka HTTP Client uses RestTemplate.
2024-01-26 18:34:41.506  WARN 49168 --- [main] iguration$LoadBalancerCaffeineWarnLogger : Spring Cloud LoadBalancer is currently working with the default cache. While this cache implementation is useful for development and tests, it's recommended to use Caffeine cache in production.You can switch to using Caffeine cache, by adding it and org.springframework.cache.caffeine.CaffeineCacheManager to the classpath.
2024-01-26 18:34:41.515  INFO 49168 --- [main] o.s.b.a.e.web.EndpointLinksResolver      : Exposing 17 endpoint(s) beneath base path '/actuator'
2024-01-26 18:34:41.563  INFO 49168 --- [main] g.a.m.MsavaliadorcreditoApplicationTests : Started MsavaliadorcreditoApplicationTests in 3.263 seconds (JVM running for 3.801)
2024-01-26 18:34:41.870  INFO 49168 --- [SpringApplicationShutdownHook] o.s.c.n.eureka.InstanceInfoFactory       : Setting initial instance status as: STARTING
2024-01-26 18:34:41.871  INFO 49168 --- [SpringApplicationShutdownHook] o.s.c.n.e.s.EurekaServiceRegistry        : Unregistering application MSAVALIADORCREDITO with eureka with status DOWN
